============================= test session starts ==============================
platform linux -- Python 3.9.7, pytest-7.0.1, pluggy-1.0.0 -- /home/shawn/applications/python_projects/fastAPI/env/bin/python3
cachedir: .pytest_cache
rootdir: /home/shawn/applications/python_projects/fastAPI
plugins: cov-3.0.0, anyio-3.5.0
collecting ... collected 4 items

tests/main_test.py::test_read_main PASSED                                [ 25%]
tests/main_test.py::test_read_input_route PASSED                         [ 50%]
tests/main_test.py::test_class_implement_route PASSED                    [ 75%]
tests/retrieve_test.py::test_retrieve_init PASSED                        [100%]

----------- coverage: platform linux, python 3.9.7-final-0 -----------
Name                     Stmts   Miss  Cover
--------------------------------------------
app/__init__.py              0      0   100%
app/main.py                 14      0   100%
app/retrieve.py             10      0   100%
tests/conftest.py           17      0   100%
tests/main_test.py          14      0   100%
tests/retrieve_test.py       5      0   100%
--------------------------------------------
TOTAL                       60      0   100%


============================== 4 passed in 2.62s ===============================
