============================= test session starts ==============================
platform linux -- Python 3.9.7, pytest-7.0.1, pluggy-1.0.0 -- /home/shawn/applications/python_projects/fastAPI/env/bin/python3
cachedir: .pytest_cache
rootdir: /home/shawn/applications/python_projects/fastAPI
plugins: cov-3.0.0, mock-3.7.0, anyio-3.5.0
collecting ... collected 5 items

tests/main_test.py::test_read_main PASSED                                [ 20%]
tests/main_test.py::test_read_input_route PASSED                         [ 40%]
tests/main_test.py::test_class_implement_route PASSED                    [ 60%]
tests/retrieve_test.py::test_retrieve_init PASSED                        [ 80%]
tests/retrieve_test.py::test_retrieve_method ERROR                       [100%]

==================================== ERRORS ====================================
____________________ ERROR at setup of test_retrieve_method ____________________
file /home/shawn/applications/python_projects/fastAPI/tests/retrieve_test.py, line 13
  def test_retrieve_method(mock_function, test_value):
E       fixture 'test_value' not found
>       available fixtures: anyio_backend, anyio_backend_name, anyio_backend_options, cache, capfd, capfdbinary, caplog, capsys, capsysbinary, class_mocker, cov, doctest_namespace, icao, mock_function, mocker, module_mocker, monkeypatch, no_cover, package_mocker, pytestconfig, record_property, record_testsuite_property, record_xml_attribute, recwarn, session_mocker, test_data, tmp_path, tmp_path_factory, tmpdir, tmpdir_factory
>       use 'pytest --fixtures [testpath]' for help on them.

/home/shawn/applications/python_projects/fastAPI/tests/retrieve_test.py:13

----------- coverage: platform linux, python 3.9.7-final-0 -----------
Name                     Stmts   Miss  Cover
--------------------------------------------
app/__init__.py              0      0   100%
app/main.py                 14      0   100%
app/retrieve.py             10      4    60%
tests/conftest.py           13      0   100%
tests/main_test.py          18      0   100%
tests/retrieve_test.py       8      2    75%
--------------------------------------------
TOTAL                       63      6    90%

=========================== short test summary info ============================
ERROR tests/retrieve_test.py::test_retrieve_method
========================== 4 passed, 1 error in 1.75s ==========================
